08:57:55.767 [main] INFO  - Clicking on the cab option
08:57:56.896 [main] INFO  - Clicked on Cabs option
08:57:57.094 [main] DEBUG - Parsing relationship: /xl/_rels/workbook.xml.rels
08:57:57.097 [main] DEBUG - Parsing relationship: /xl/worksheets/_rels/sheet3.xml.rels
08:57:57.098 [main] DEBUG - Parsing relationship: /_rels/.rels
08:57:57.312 [main] TRACE - Loading type system org.apache.poi.schemas.ooxml.system.ooxml
08:57:57.315 [main] TRACE - Loading type system org.apache.xmlbeans.metadata.system.sXMLCONFIG
08:57:57.316 [main] TRACE - Loading type system org.apache.xmlbeans.metadata.system.sXMLLANG
08:57:57.317 [main] TRACE - Loading type system org.apache.xmlbeans.metadata.system.sXMLSCHEMA
08:57:57.317 [main] TRACE - Loading type system org.apache.xmlbeans.metadata.system.sXMLTOOLS
08:57:57.318 [main] TRACE - Reading unresolved handles for type system org.apache.xmlbeans.metadata.system.sXMLTOOLS
08:57:57.335 [main] TRACE - Finished loading type system org.apache.xmlbeans.metadata.system.sXMLTOOLS
08:57:57.336 [main] TRACE - Reading unresolved handles for type system org.apache.xmlbeans.metadata.system.sXMLSCHEMA
08:57:57.339 [main] TRACE - Finished loading type system org.apache.xmlbeans.metadata.system.sXMLSCHEMA
08:57:57.340 [main] TRACE - Reading unresolved handles for type system org.apache.xmlbeans.metadata.system.sXMLLANG
08:57:57.340 [main] TRACE - Finished loading type system org.apache.xmlbeans.metadata.system.sXMLLANG
08:57:57.341 [main] TRACE - Reading unresolved handles for type system org.apache.xmlbeans.metadata.system.sXMLCONFIG
08:57:57.341 [main] TRACE - Finished loading type system org.apache.xmlbeans.metadata.system.sXMLCONFIG
08:57:57.342 [main] TRACE - Reading unresolved handles for type system org.apache.poi.schemas.ooxml.system.ooxml
08:57:57.383 [main] TRACE - Finished loading type system org.apache.poi.schemas.ooxml.system.ooxml
08:57:57.384 [main] TRACE - Resolving type for handle themefd26doctype
08:57:57.443 [main] TRACE - Resolving type for handle stylesheet5d8bdoctype
08:57:57.453 [main] TRACE - Resolving type for handle ctstylesheet4257type
08:57:57.459 [main] TRACE - Resolving type for handle ctnumfmtsb58btype
08:57:57.463 [main] TRACE - Resolving type for handle ctfonts6623type
08:57:57.467 [main] TRACE - Resolving type for handle ctfont14d8type
08:57:57.470 [main] TRACE - Resolving type for handle ctfills2c6ftype
08:57:57.472 [main] TRACE - Resolving type for handle ctfill550ctype
08:57:57.474 [main] TRACE - Resolving type for handle ctborders0d66type
08:57:57.476 [main] TRACE - Resolving type for handle ctborderf935type
08:57:57.479 [main] TRACE - Resolving type for handle ctcellxfs1322type
08:57:57.482 [main] TRACE - Resolving type for handle ctxf97f7type
08:57:57.485 [main] TRACE - Resolving type for handle ctcellstylexfsa81ftype
08:57:57.489 [main] TRACE - Resolving type for handle ctdxfsb26atype
08:57:57.492 [main] TRACE - Resolving type for handle cttablestyles872ftype
08:57:57.497 [main] TRACE - Resolving type for handle sstf81fdoctype
08:57:57.501 [main] TRACE - Resolving type for handle ctsst44f3type
08:57:57.510 [main] TRACE - Resolving type for handle ctrsta472type
08:57:57.544 [main] DEBUG - using default POIXMLDocumentPart for http://schemas.openxmlformats.org/officeDocument/2006/relationships/printerSettings
08:57:57.546 [main] TRACE - Resolving type for handle workbookec17doctype
08:57:57.552 [main] TRACE - Resolving type for handle ctworkbook83c3type
08:57:57.557 [main] TRACE - Resolving type for handle ctsheets49fdtype
08:57:57.561 [main] TRACE - Resolving type for handle ctsheet4dbetype
08:57:57.564 [main] TRACE - Resolving type for handle strelationshipid1e94type
08:57:57.567 [main] TRACE - Resolving type for handle worksheetf539doctype
08:57:57.571 [main] TRACE - Resolving type for handle ctworksheet530dtype
08:57:57.583 [main] TRACE - Resolving type for handle ctcols627ctype
08:57:57.593 [main] TRACE - Resolving type for handle ctsheetdata8408type
08:57:57.598 [main] TRACE - Resolving type for handle ctrowdd39type
08:57:57.605 [main] TRACE - Resolving type for handle ctcell842btype
08:57:57.617 [main] TRACE - Resolving type for handle stcellrefe4e0type
08:57:57.628 [main] TRACE - Resolving type for handle ctcola95ftype
08:57:57.683 [main] TRACE - Resolving type for handle stxstringf179type
08:57:57.693 [main] TRACE - Resolving type for handle stcelltypebf95type
08:57:57.713 [main] TRACE - Resolving type for handle stcellstylexfid70c7type
08:57:57.720 [main] TRACE - Resolving type for handle ctsheetdimensiond310type
08:57:57.723 [main] TRACE - Resolving type for handle stref90a2type
08:57:57.770 [main] TRACE - Resolving type for handle propertiesee84doctype
08:57:57.774 [main] TRACE - Resolving type for handle ctproperties3f10type
08:57:57.784 [main] TRACE - Resolving type for handle properties288cdoctype
08:57:57.791 [main] TRACE - Resolving type for handle ctproperties2c18type
08:57:57.816 [main] DEBUG - Save content types part
08:57:57.909 [main] DEBUG - Save package relationships
08:57:57.912 [main] DEBUG - Save part 'docProps/app.xml'
08:57:57.912 [main] DEBUG - Save part 'docProps/core.xml'
08:57:57.914 [main] DEBUG - Save part 'xl/printerSettings/printerSettings1.bin'
08:57:57.915 [main] DEBUG - Save part 'xl/sharedStrings.xml'
08:57:57.915 [main] DEBUG - Save part 'xl/styles.xml'
08:57:57.915 [main] DEBUG - Save part 'xl/theme/theme1.xml'
08:57:57.916 [main] DEBUG - Save part 'xl/workbook.xml'
08:57:57.917 [main] DEBUG - Save part 'xl/worksheets/sheet1.xml'
08:57:57.917 [main] DEBUG - Save part 'xl/worksheets/sheet2.xml'
08:57:57.917 [main] DEBUG - Save part 'xl/worksheets/sheet3.xml'
08:57:57.919 [main] DEBUG - Save part 'xl/worksheets/sheet4.xml'
08:57:57.919 [main] DEBUG - Save part 'xl/worksheets/sheet5.xml'
08:57:58.108 [main] INFO  - Clicking on the cab option
08:57:58.184 [main] INFO  - Clicked one way outstation cab
08:57:58.190 [main] DEBUG - Parsing relationship: /xl/_rels/workbook.xml.rels
08:57:58.190 [main] DEBUG - Parsing relationship: /xl/worksheets/_rels/sheet3.xml.rels
08:57:58.191 [main] DEBUG - Parsing relationship: /_rels/.rels
08:57:58.205 [main] DEBUG - using default POIXMLDocumentPart for http://schemas.openxmlformats.org/officeDocument/2006/relationships/printerSettings
08:57:58.240 [main] DEBUG - Save content types part
08:57:58.241 [main] DEBUG - Save package relationships
08:57:58.242 [main] DEBUG - Save part 'docProps/app.xml'
08:57:58.242 [main] DEBUG - Save part 'docProps/core.xml'
08:57:58.243 [main] DEBUG - Save part 'xl/printerSettings/printerSettings1.bin'
08:57:58.243 [main] DEBUG - Save part 'xl/sharedStrings.xml'
08:57:58.244 [main] DEBUG - Save part 'xl/styles.xml'
08:57:58.244 [main] DEBUG - Save part 'xl/theme/theme1.xml'
08:57:58.244 [main] DEBUG - Save part 'xl/workbook.xml'
08:57:58.246 [main] DEBUG - Save part 'xl/worksheets/sheet1.xml'
08:57:58.246 [main] DEBUG - Save part 'xl/worksheets/sheet2.xml'
08:57:58.247 [main] DEBUG - Save part 'xl/worksheets/sheet3.xml'
08:57:58.249 [main] DEBUG - Save part 'xl/worksheets/sheet4.xml'
08:57:58.249 [main] DEBUG - Save part 'xl/worksheets/sheet5.xml'
08:57:58.415 [main] INFO  - Selecting From
08:58:01.998 [main] INFO  - Selected Delhi
08:58:02.004 [main] DEBUG - Parsing relationship: /xl/_rels/workbook.xml.rels
08:58:02.005 [main] DEBUG - Parsing relationship: /xl/worksheets/_rels/sheet3.xml.rels
08:58:02.005 [main] DEBUG - Parsing relationship: /_rels/.rels
08:58:02.017 [main] DEBUG - using default POIXMLDocumentPart for http://schemas.openxmlformats.org/officeDocument/2006/relationships/printerSettings
08:58:02.046 [main] DEBUG - Save content types part
08:58:02.047 [main] DEBUG - Save package relationships
08:58:02.048 [main] DEBUG - Save part 'docProps/app.xml'
08:58:02.048 [main] DEBUG - Save part 'docProps/core.xml'
08:58:02.049 [main] DEBUG - Save part 'xl/printerSettings/printerSettings1.bin'
08:58:02.049 [main] DEBUG - Save part 'xl/sharedStrings.xml'
08:58:02.050 [main] DEBUG - Save part 'xl/styles.xml'
08:58:02.050 [main] DEBUG - Save part 'xl/theme/theme1.xml'
08:58:02.050 [main] DEBUG - Save part 'xl/workbook.xml'
08:58:02.051 [main] DEBUG - Save part 'xl/worksheets/sheet1.xml'
08:58:02.051 [main] DEBUG - Save part 'xl/worksheets/sheet2.xml'
08:58:02.052 [main] DEBUG - Save part 'xl/worksheets/sheet3.xml'
08:58:02.053 [main] DEBUG - Save part 'xl/worksheets/sheet4.xml'
08:58:02.053 [main] DEBUG - Save part 'xl/worksheets/sheet5.xml'
08:58:02.235 [main] INFO  - Selecting To
08:58:05.451 [main] INFO  - Selected Manali
08:58:05.455 [main] DEBUG - Parsing relationship: /xl/_rels/workbook.xml.rels
08:58:05.456 [main] DEBUG - Parsing relationship: /xl/worksheets/_rels/sheet3.xml.rels
08:58:05.456 [main] DEBUG - Parsing relationship: /_rels/.rels
08:58:05.464 [main] DEBUG - using default POIXMLDocumentPart for http://schemas.openxmlformats.org/officeDocument/2006/relationships/printerSettings
08:58:05.490 [main] DEBUG - Save content types part
08:58:05.492 [main] DEBUG - Save package relationships
08:58:05.493 [main] DEBUG - Save part 'docProps/app.xml'
08:58:05.493 [main] DEBUG - Save part 'docProps/core.xml'
08:58:05.494 [main] DEBUG - Save part 'xl/printerSettings/printerSettings1.bin'
08:58:05.494 [main] DEBUG - Save part 'xl/sharedStrings.xml'
08:58:05.494 [main] DEBUG - Save part 'xl/styles.xml'
08:58:05.495 [main] DEBUG - Save part 'xl/theme/theme1.xml'
08:58:05.495 [main] DEBUG - Save part 'xl/workbook.xml'
08:58:05.496 [main] DEBUG - Save part 'xl/worksheets/sheet1.xml'
08:58:05.496 [main] DEBUG - Save part 'xl/worksheets/sheet2.xml'
08:58:05.496 [main] DEBUG - Save part 'xl/worksheets/sheet3.xml'
08:58:05.498 [main] DEBUG - Save part 'xl/worksheets/sheet4.xml'
08:58:05.498 [main] DEBUG - Save part 'xl/worksheets/sheet5.xml'
08:58:05.696 [main] INFO  - Selecting Date
08:58:05.940 [main] INFO  - Selected date
08:58:05.945 [main] DEBUG - Parsing relationship: /xl/_rels/workbook.xml.rels
08:58:05.946 [main] DEBUG - Parsing relationship: /xl/worksheets/_rels/sheet3.xml.rels
08:58:05.946 [main] DEBUG - Parsing relationship: /_rels/.rels
08:58:05.953 [main] DEBUG - using default POIXMLDocumentPart for http://schemas.openxmlformats.org/officeDocument/2006/relationships/printerSettings
08:58:05.979 [main] DEBUG - Save content types part
08:58:05.980 [main] DEBUG - Save package relationships
08:58:05.981 [main] DEBUG - Save part 'docProps/app.xml'
08:58:05.981 [main] DEBUG - Save part 'docProps/core.xml'
08:58:05.982 [main] DEBUG - Save part 'xl/printerSettings/printerSettings1.bin'
08:58:05.982 [main] DEBUG - Save part 'xl/sharedStrings.xml'
08:58:05.983 [main] DEBUG - Save part 'xl/styles.xml'
08:58:05.983 [main] DEBUG - Save part 'xl/theme/theme1.xml'
08:58:05.983 [main] DEBUG - Save part 'xl/workbook.xml'
08:58:05.984 [main] DEBUG - Save part 'xl/worksheets/sheet1.xml'
08:58:05.984 [main] DEBUG - Save part 'xl/worksheets/sheet2.xml'
08:58:05.984 [main] DEBUG - Save part 'xl/worksheets/sheet3.xml'
08:58:05.986 [main] DEBUG - Save part 'xl/worksheets/sheet4.xml'
08:58:05.986 [main] DEBUG - Save part 'xl/worksheets/sheet5.xml'
08:58:06.135 [main] INFO  - Selecting Time
08:58:06.666 [main] INFO  - Selected Time
08:58:06.672 [main] DEBUG - Parsing relationship: /xl/_rels/workbook.xml.rels
08:58:06.672 [main] DEBUG - Parsing relationship: /xl/worksheets/_rels/sheet3.xml.rels
08:58:06.673 [main] DEBUG - Parsing relationship: /_rels/.rels
08:58:06.683 [main] DEBUG - using default POIXMLDocumentPart for http://schemas.openxmlformats.org/officeDocument/2006/relationships/printerSettings
08:58:06.701 [main] DEBUG - Save content types part
08:58:06.702 [main] DEBUG - Save package relationships
08:58:06.702 [main] DEBUG - Save part 'docProps/app.xml'
08:58:06.702 [main] DEBUG - Save part 'docProps/core.xml'
08:58:06.703 [main] DEBUG - Save part 'xl/printerSettings/printerSettings1.bin'
08:58:06.703 [main] DEBUG - Save part 'xl/sharedStrings.xml'
08:58:06.704 [main] DEBUG - Save part 'xl/styles.xml'
08:58:06.704 [main] DEBUG - Save part 'xl/theme/theme1.xml'
08:58:06.704 [main] DEBUG - Save part 'xl/workbook.xml'
08:58:06.705 [main] DEBUG - Save part 'xl/worksheets/sheet1.xml'
08:58:06.705 [main] DEBUG - Save part 'xl/worksheets/sheet2.xml'
08:58:06.705 [main] DEBUG - Save part 'xl/worksheets/sheet3.xml'
08:58:06.707 [main] DEBUG - Save part 'xl/worksheets/sheet4.xml'
08:58:06.707 [main] DEBUG - Save part 'xl/worksheets/sheet5.xml'
08:58:06.885 [main] INFO  - Clicking Search Button
08:58:08.535 [main] INFO  - Clicked on search button
08:58:11.569 [main] INFO  - In cabs page
08:58:11.573 [main] DEBUG - Parsing relationship: /xl/_rels/workbook.xml.rels
08:58:11.573 [main] DEBUG - Parsing relationship: /xl/worksheets/_rels/sheet3.xml.rels
08:58:11.574 [main] DEBUG - Parsing relationship: /_rels/.rels
08:58:11.580 [main] DEBUG - using default POIXMLDocumentPart for http://schemas.openxmlformats.org/officeDocument/2006/relationships/printerSettings
08:58:11.600 [main] DEBUG - Save content types part
08:58:11.601 [main] DEBUG - Save package relationships
08:58:11.602 [main] DEBUG - Save part 'docProps/app.xml'
08:58:11.602 [main] DEBUG - Save part 'docProps/core.xml'
08:58:11.603 [main] DEBUG - Save part 'xl/printerSettings/printerSettings1.bin'
08:58:11.603 [main] DEBUG - Save part 'xl/sharedStrings.xml'
08:58:11.603 [main] DEBUG - Save part 'xl/styles.xml'
08:58:11.603 [main] DEBUG - Save part 'xl/theme/theme1.xml'
08:58:11.604 [main] DEBUG - Save part 'xl/workbook.xml'
08:58:11.604 [main] DEBUG - Save part 'xl/worksheets/sheet1.xml'
08:58:11.604 [main] DEBUG - Save part 'xl/worksheets/sheet2.xml'
08:58:11.605 [main] DEBUG - Save part 'xl/worksheets/sheet3.xml'
08:58:11.606 [main] DEBUG - Save part 'xl/worksheets/sheet4.xml'
08:58:11.606 [main] DEBUG - Save part 'xl/worksheets/sheet5.xml'
08:58:11.739 [main] INFO  - Selecting low to highest price in the sort by dropdown
08:58:15.953 [main] INFO  - Selected low to highest price in the sort by dropdown
08:58:15.957 [main] DEBUG - Parsing relationship: /xl/_rels/workbook.xml.rels
08:58:15.958 [main] DEBUG - Parsing relationship: /xl/worksheets/_rels/sheet3.xml.rels
08:58:15.958 [main] DEBUG - Parsing relationship: /_rels/.rels
08:58:15.962 [main] DEBUG - using default POIXMLDocumentPart for http://schemas.openxmlformats.org/officeDocument/2006/relationships/printerSettings
08:58:15.979 [main] DEBUG - Save content types part
08:58:15.980 [main] DEBUG - Save package relationships
08:58:15.980 [main] DEBUG - Save part 'docProps/app.xml'
08:58:15.980 [main] DEBUG - Save part 'docProps/core.xml'
08:58:15.981 [main] DEBUG - Save part 'xl/printerSettings/printerSettings1.bin'
08:58:15.981 [main] DEBUG - Save part 'xl/sharedStrings.xml'
08:58:15.982 [main] DEBUG - Save part 'xl/styles.xml'
08:58:15.982 [main] DEBUG - Save part 'xl/theme/theme1.xml'
08:58:15.982 [main] DEBUG - Save part 'xl/workbook.xml'
08:58:15.983 [main] DEBUG - Save part 'xl/worksheets/sheet1.xml'
08:58:15.983 [main] DEBUG - Save part 'xl/worksheets/sheet2.xml'
08:58:15.983 [main] DEBUG - Save part 'xl/worksheets/sheet3.xml'
08:58:15.984 [main] DEBUG - Save part 'xl/worksheets/sheet4.xml'
08:58:15.984 [main] DEBUG - Save part 'xl/worksheets/sheet5.xml'
08:58:16.111 [main] INFO  - Selecting SUV Checkbox
08:58:16.197 [main] INFO  - Selected SUV Checkbox
08:58:16.202 [main] DEBUG - Parsing relationship: /xl/_rels/workbook.xml.rels
08:58:16.203 [main] DEBUG - Parsing relationship: /xl/worksheets/_rels/sheet3.xml.rels
08:58:16.203 [main] DEBUG - Parsing relationship: /_rels/.rels
08:58:16.210 [main] DEBUG - using default POIXMLDocumentPart for http://schemas.openxmlformats.org/officeDocument/2006/relationships/printerSettings
08:58:16.227 [main] DEBUG - Save content types part
08:58:16.227 [main] DEBUG - Save package relationships
08:58:16.228 [main] DEBUG - Save part 'docProps/app.xml'
08:58:16.228 [main] DEBUG - Save part 'docProps/core.xml'
08:58:16.229 [main] DEBUG - Save part 'xl/printerSettings/printerSettings1.bin'
08:58:16.229 [main] DEBUG - Save part 'xl/sharedStrings.xml'
08:58:16.229 [main] DEBUG - Save part 'xl/styles.xml'
08:58:16.230 [main] DEBUG - Save part 'xl/theme/theme1.xml'
08:58:16.230 [main] DEBUG - Save part 'xl/workbook.xml'
08:58:16.230 [main] DEBUG - Save part 'xl/worksheets/sheet1.xml'
08:58:16.230 [main] DEBUG - Save part 'xl/worksheets/sheet2.xml'
08:58:16.231 [main] DEBUG - Save part 'xl/worksheets/sheet3.xml'
08:58:16.232 [main] DEBUG - Save part 'xl/worksheets/sheet4.xml'
08:58:16.233 [main] DEBUG - Save part 'xl/worksheets/sheet5.xml'
08:58:16.380 [main] INFO  - Printing lowest cab details : 
08:58:16.418 [main] DEBUG - Parsing relationship: /xl/_rels/workbook.xml.rels
08:58:16.419 [main] DEBUG - Parsing relationship: /xl/worksheets/_rels/sheet3.xml.rels
08:58:16.419 [main] DEBUG - Parsing relationship: /_rels/.rels
08:58:16.425 [main] DEBUG - using default POIXMLDocumentPart for http://schemas.openxmlformats.org/officeDocument/2006/relationships/printerSettings
08:58:16.442 [main] DEBUG - Save content types part
08:58:16.443 [main] DEBUG - Save package relationships
08:58:16.443 [main] DEBUG - Save part 'docProps/app.xml'
08:58:16.443 [main] DEBUG - Save part 'docProps/core.xml'
08:58:16.444 [main] DEBUG - Save part 'xl/printerSettings/printerSettings1.bin'
08:58:16.444 [main] DEBUG - Save part 'xl/sharedStrings.xml'
08:58:16.444 [main] DEBUG - Save part 'xl/styles.xml'
08:58:16.445 [main] DEBUG - Save part 'xl/theme/theme1.xml'
08:58:16.445 [main] DEBUG - Save part 'xl/workbook.xml'
08:58:16.445 [main] DEBUG - Save part 'xl/worksheets/sheet1.xml'
08:58:16.446 [main] DEBUG - Save part 'xl/worksheets/sheet2.xml'
08:58:16.446 [main] DEBUG - Save part 'xl/worksheets/sheet3.xml'
08:58:16.447 [main] DEBUG - Save part 'xl/worksheets/sheet4.xml'
08:58:16.447 [main] DEBUG - Save part 'xl/worksheets/sheet5.xml'
16:55:00.898 [main] INFO  - Going to makemytrip home page
16:55:01.030 [main] INFO  - maximized window
16:55:08.066 [main] INFO  - In the MakeMyTrip Website
16:55:09.232 [main] INFO  - Clicked on Cabs option
16:55:09.396 [main] DEBUG - Parsing relationship: /xl/_rels/workbook.xml.rels
16:55:09.400 [main] DEBUG - Parsing relationship: /xl/worksheets/_rels/sheet3.xml.rels
16:55:09.401 [main] DEBUG - Parsing relationship: /_rels/.rels
16:55:09.563 [main] TRACE - Loading type system org.apache.poi.schemas.ooxml.system.ooxml
16:55:09.566 [main] TRACE - Loading type system org.apache.xmlbeans.metadata.system.sXMLCONFIG
16:55:09.567 [main] TRACE - Loading type system org.apache.xmlbeans.metadata.system.sXMLLANG
16:55:09.567 [main] TRACE - Loading type system org.apache.xmlbeans.metadata.system.sXMLSCHEMA
16:55:09.568 [main] TRACE - Loading type system org.apache.xmlbeans.metadata.system.sXMLTOOLS
16:55:09.568 [main] TRACE - Reading unresolved handles for type system org.apache.xmlbeans.metadata.system.sXMLTOOLS
16:55:09.582 [main] TRACE - Finished loading type system org.apache.xmlbeans.metadata.system.sXMLTOOLS
16:55:09.583 [main] TRACE - Reading unresolved handles for type system org.apache.xmlbeans.metadata.system.sXMLSCHEMA
16:55:09.586 [main] TRACE - Finished loading type system org.apache.xmlbeans.metadata.system.sXMLSCHEMA
16:55:09.587 [main] TRACE - Reading unresolved handles for type system org.apache.xmlbeans.metadata.system.sXMLLANG
16:55:09.588 [main] TRACE - Finished loading type system org.apache.xmlbeans.metadata.system.sXMLLANG
16:55:09.589 [main] TRACE - Reading unresolved handles for type system org.apache.xmlbeans.metadata.system.sXMLCONFIG
16:55:09.590 [main] TRACE - Finished loading type system org.apache.xmlbeans.metadata.system.sXMLCONFIG
16:55:09.590 [main] TRACE - Reading unresolved handles for type system org.apache.poi.schemas.ooxml.system.ooxml
16:55:09.620 [main] TRACE - Finished loading type system org.apache.poi.schemas.ooxml.system.ooxml
16:55:09.620 [main] TRACE - Resolving type for handle themefd26doctype
16:55:09.668 [main] TRACE - Resolving type for handle stylesheet5d8bdoctype
16:55:09.677 [main] TRACE - Resolving type for handle ctstylesheet4257type
16:55:09.680 [main] TRACE - Resolving type for handle ctnumfmtsb58btype
16:55:09.682 [main] TRACE - Resolving type for handle ctfonts6623type
16:55:09.684 [main] TRACE - Resolving type for handle ctfont14d8type
16:55:09.687 [main] TRACE - Resolving type for handle ctfills2c6ftype
16:55:09.690 [main] TRACE - Resolving type for handle ctfill550ctype
16:55:09.691 [main] TRACE - Resolving type for handle ctborders0d66type
16:55:09.693 [main] TRACE - Resolving type for handle ctborderf935type
16:55:09.695 [main] TRACE - Resolving type for handle ctcellxfs1322type
16:55:09.698 [main] TRACE - Resolving type for handle ctxf97f7type
16:55:09.701 [main] TRACE - Resolving type for handle ctcellstylexfsa81ftype
16:55:09.703 [main] TRACE - Resolving type for handle ctdxfsb26atype
16:55:09.706 [main] TRACE - Resolving type for handle cttablestyles872ftype
16:55:09.708 [main] TRACE - Resolving type for handle sstf81fdoctype
16:55:09.714 [main] TRACE - Resolving type for handle ctsst44f3type
16:55:09.724 [main] TRACE - Resolving type for handle ctrsta472type
16:55:09.759 [main] DEBUG - using default POIXMLDocumentPart for http://schemas.openxmlformats.org/officeDocument/2006/relationships/printerSettings
16:55:09.761 [main] TRACE - Resolving type for handle workbookec17doctype
16:55:09.764 [main] TRACE - Resolving type for handle ctworkbook83c3type
16:55:09.768 [main] TRACE - Resolving type for handle ctsheets49fdtype
16:55:09.770 [main] TRACE - Resolving type for handle ctsheet4dbetype
16:55:09.771 [main] TRACE - Resolving type for handle strelationshipid1e94type
16:55:09.773 [main] TRACE - Resolving type for handle worksheetf539doctype
16:55:09.777 [main] TRACE - Resolving type for handle ctworksheet530dtype
16:55:09.785 [main] TRACE - Resolving type for handle ctcols627ctype
16:55:09.792 [main] TRACE - Resolving type for handle ctsheetdata8408type
16:55:09.794 [main] TRACE - Resolving type for handle ctrowdd39type
16:55:09.797 [main] TRACE - Resolving type for handle ctcell842btype
16:55:09.802 [main] TRACE - Resolving type for handle stcellrefe4e0type
16:55:09.814 [main] TRACE - Resolving type for handle ctcola95ftype
16:55:09.855 [main] TRACE - Resolving type for handle stxstringf179type
16:55:09.865 [main] TRACE - Resolving type for handle stcelltypebf95type
16:55:09.880 [main] TRACE - Resolving type for handle stcellstylexfid70c7type
16:55:09.889 [main] TRACE - Resolving type for handle ctsheetdimensiond310type
16:55:09.891 [main] TRACE - Resolving type for handle stref90a2type
16:55:09.919 [main] TRACE - Resolving type for handle propertiesee84doctype
16:55:09.921 [main] TRACE - Resolving type for handle ctproperties3f10type
16:55:09.925 [main] TRACE - Resolving type for handle properties288cdoctype
16:55:09.926 [main] TRACE - Resolving type for handle ctproperties2c18type
16:55:09.942 [main] DEBUG - Save content types part
16:55:10.042 [main] DEBUG - Save package relationships
16:55:10.049 [main] DEBUG - Save part 'docProps/app.xml'
16:55:10.049 [main] DEBUG - Save part 'docProps/core.xml'
16:55:10.053 [main] DEBUG - Save part 'xl/printerSettings/printerSettings1.bin'
16:55:10.053 [main] DEBUG - Save part 'xl/sharedStrings.xml'
16:55:10.054 [main] DEBUG - Save part 'xl/styles.xml'
16:55:10.054 [main] DEBUG - Save part 'xl/theme/theme1.xml'
16:55:10.054 [main] DEBUG - Save part 'xl/workbook.xml'
16:55:10.059 [main] DEBUG - Save part 'xl/worksheets/sheet1.xml'
16:55:10.060 [main] DEBUG - Save part 'xl/worksheets/sheet2.xml'
16:55:10.060 [main] DEBUG - Save part 'xl/worksheets/sheet3.xml'
16:55:10.064 [main] DEBUG - Save part 'xl/worksheets/sheet4.xml'
16:55:10.065 [main] DEBUG - Save part 'xl/worksheets/sheet5.xml'
16:55:10.384 [main] INFO  - Clicked one way outstation cab
16:55:10.391 [main] DEBUG - Parsing relationship: /xl/_rels/workbook.xml.rels
16:55:10.392 [main] DEBUG - Parsing relationship: /xl/worksheets/_rels/sheet3.xml.rels
16:55:10.392 [main] DEBUG - Parsing relationship: /_rels/.rels
16:55:10.407 [main] DEBUG - using default POIXMLDocumentPart for http://schemas.openxmlformats.org/officeDocument/2006/relationships/printerSettings
16:55:10.447 [main] DEBUG - Save content types part
16:55:10.449 [main] DEBUG - Save package relationships
16:55:10.450 [main] DEBUG - Save part 'docProps/app.xml'
16:55:10.450 [main] DEBUG - Save part 'docProps/core.xml'
16:55:10.451 [main] DEBUG - Save part 'xl/printerSettings/printerSettings1.bin'
16:55:10.451 [main] DEBUG - Save part 'xl/sharedStrings.xml'
16:55:10.451 [main] DEBUG - Save part 'xl/styles.xml'
16:55:10.452 [main] DEBUG - Save part 'xl/theme/theme1.xml'
16:55:10.452 [main] DEBUG - Save part 'xl/workbook.xml'
16:55:10.453 [main] DEBUG - Save part 'xl/worksheets/sheet1.xml'
16:55:10.454 [main] DEBUG - Save part 'xl/worksheets/sheet2.xml'
16:55:10.454 [main] DEBUG - Save part 'xl/worksheets/sheet3.xml'
16:55:10.456 [main] DEBUG - Save part 'xl/worksheets/sheet4.xml'
16:55:10.456 [main] DEBUG - Save part 'xl/worksheets/sheet5.xml'
16:55:14.233 [main] INFO  - Selected Delhi
16:55:14.239 [main] DEBUG - Parsing relationship: /xl/_rels/workbook.xml.rels
16:55:14.240 [main] DEBUG - Parsing relationship: /xl/worksheets/_rels/sheet3.xml.rels
16:55:14.241 [main] DEBUG - Parsing relationship: /_rels/.rels
16:55:14.251 [main] DEBUG - using default POIXMLDocumentPart for http://schemas.openxmlformats.org/officeDocument/2006/relationships/printerSettings
16:55:14.284 [main] DEBUG - Save content types part
16:55:14.286 [main] DEBUG - Save package relationships
16:55:14.288 [main] DEBUG - Save part 'docProps/app.xml'
16:55:14.288 [main] DEBUG - Save part 'docProps/core.xml'
16:55:14.292 [main] DEBUG - Save part 'xl/printerSettings/printerSettings1.bin'
16:55:14.292 [main] DEBUG - Save part 'xl/sharedStrings.xml'
16:55:14.293 [main] DEBUG - Save part 'xl/styles.xml'
16:55:14.294 [main] DEBUG - Save part 'xl/theme/theme1.xml'
16:55:14.294 [main] DEBUG - Save part 'xl/workbook.xml'
16:55:14.295 [main] DEBUG - Save part 'xl/worksheets/sheet1.xml'
16:55:14.295 [main] DEBUG - Save part 'xl/worksheets/sheet2.xml'
16:55:14.295 [main] DEBUG - Save part 'xl/worksheets/sheet3.xml'
16:55:14.297 [main] DEBUG - Save part 'xl/worksheets/sheet4.xml'
16:55:14.297 [main] DEBUG - Save part 'xl/worksheets/sheet5.xml'
16:55:17.713 [main] INFO  - Selected Manali
16:55:17.717 [main] DEBUG - Parsing relationship: /xl/_rels/workbook.xml.rels
16:55:17.718 [main] DEBUG - Parsing relationship: /xl/worksheets/_rels/sheet3.xml.rels
16:55:17.718 [main] DEBUG - Parsing relationship: /_rels/.rels
16:55:17.730 [main] DEBUG - using default POIXMLDocumentPart for http://schemas.openxmlformats.org/officeDocument/2006/relationships/printerSettings
16:55:17.762 [main] DEBUG - Save content types part
16:55:17.763 [main] DEBUG - Save package relationships
16:55:17.765 [main] DEBUG - Save part 'docProps/app.xml'
16:55:17.765 [main] DEBUG - Save part 'docProps/core.xml'
16:55:17.767 [main] DEBUG - Save part 'xl/printerSettings/printerSettings1.bin'
16:55:17.768 [main] DEBUG - Save part 'xl/sharedStrings.xml'
16:55:17.769 [main] DEBUG - Save part 'xl/styles.xml'
16:55:17.769 [main] DEBUG - Save part 'xl/theme/theme1.xml'
16:55:17.770 [main] DEBUG - Save part 'xl/workbook.xml'
16:55:17.772 [main] DEBUG - Save part 'xl/worksheets/sheet1.xml'
16:55:17.772 [main] DEBUG - Save part 'xl/worksheets/sheet2.xml'
16:55:17.772 [main] DEBUG - Save part 'xl/worksheets/sheet3.xml'
16:55:17.775 [main] DEBUG - Save part 'xl/worksheets/sheet4.xml'
16:55:17.776 [main] DEBUG - Save part 'xl/worksheets/sheet5.xml'
16:55:18.264 [main] INFO  - Selected date
16:55:18.269 [main] DEBUG - Parsing relationship: /xl/_rels/workbook.xml.rels
16:55:18.270 [main] DEBUG - Parsing relationship: /xl/worksheets/_rels/sheet3.xml.rels
16:55:18.270 [main] DEBUG - Parsing relationship: /_rels/.rels
16:55:18.276 [main] DEBUG - using default POIXMLDocumentPart for http://schemas.openxmlformats.org/officeDocument/2006/relationships/printerSettings
16:55:18.300 [main] DEBUG - Save content types part
16:55:18.301 [main] DEBUG - Save package relationships
16:55:18.302 [main] DEBUG - Save part 'docProps/app.xml'
16:55:18.302 [main] DEBUG - Save part 'docProps/core.xml'
16:55:18.303 [main] DEBUG - Save part 'xl/printerSettings/printerSettings1.bin'
16:55:18.303 [main] DEBUG - Save part 'xl/sharedStrings.xml'
16:55:18.304 [main] DEBUG - Save part 'xl/styles.xml'
16:55:18.304 [main] DEBUG - Save part 'xl/theme/theme1.xml'
16:55:18.304 [main] DEBUG - Save part 'xl/workbook.xml'
16:55:18.305 [main] DEBUG - Save part 'xl/worksheets/sheet1.xml'
16:55:18.305 [main] DEBUG - Save part 'xl/worksheets/sheet2.xml'
16:55:18.305 [main] DEBUG - Save part 'xl/worksheets/sheet3.xml'
16:55:18.307 [main] DEBUG - Save part 'xl/worksheets/sheet4.xml'
16:55:18.307 [main] DEBUG - Save part 'xl/worksheets/sheet5.xml'
16:55:19.024 [main] INFO  - Selected Time
16:55:19.030 [main] DEBUG - Parsing relationship: /xl/_rels/workbook.xml.rels
16:55:19.030 [main] DEBUG - Parsing relationship: /xl/worksheets/_rels/sheet3.xml.rels
16:55:19.031 [main] DEBUG - Parsing relationship: /_rels/.rels
16:55:19.045 [main] DEBUG - using default POIXMLDocumentPart for http://schemas.openxmlformats.org/officeDocument/2006/relationships/printerSettings
16:55:19.076 [main] DEBUG - Save content types part
16:55:19.077 [main] DEBUG - Save package relationships
16:55:19.078 [main] DEBUG - Save part 'docProps/app.xml'
16:55:19.078 [main] DEBUG - Save part 'docProps/core.xml'
16:55:19.079 [main] DEBUG - Save part 'xl/printerSettings/printerSettings1.bin'
16:55:19.079 [main] DEBUG - Save part 'xl/sharedStrings.xml'
16:55:19.079 [main] DEBUG - Save part 'xl/styles.xml'
16:55:19.080 [main] DEBUG - Save part 'xl/theme/theme1.xml'
16:55:19.080 [main] DEBUG - Save part 'xl/workbook.xml'
16:55:19.081 [main] DEBUG - Save part 'xl/worksheets/sheet1.xml'
16:55:19.081 [main] DEBUG - Save part 'xl/worksheets/sheet2.xml'
16:55:19.081 [main] DEBUG - Save part 'xl/worksheets/sheet3.xml'
16:55:19.082 [main] DEBUG - Save part 'xl/worksheets/sheet4.xml'
16:55:19.083 [main] DEBUG - Save part 'xl/worksheets/sheet5.xml'
16:55:22.119 [main] INFO  - Clicked on search button
16:55:25.132 [main] INFO  - In cabs page
16:55:25.140 [main] DEBUG - Parsing relationship: /xl/_rels/workbook.xml.rels
16:55:25.141 [main] DEBUG - Parsing relationship: /xl/worksheets/_rels/sheet3.xml.rels
16:55:25.142 [main] DEBUG - Parsing relationship: /_rels/.rels
16:55:25.151 [main] DEBUG - using default POIXMLDocumentPart for http://schemas.openxmlformats.org/officeDocument/2006/relationships/printerSettings
16:55:25.197 [main] DEBUG - Save content types part
16:55:25.199 [main] DEBUG - Save package relationships
16:55:25.200 [main] DEBUG - Save part 'docProps/app.xml'
16:55:25.200 [main] DEBUG - Save part 'docProps/core.xml'
16:55:25.202 [main] DEBUG - Save part 'xl/printerSettings/printerSettings1.bin'
16:55:25.202 [main] DEBUG - Save part 'xl/sharedStrings.xml'
16:55:25.203 [main] DEBUG - Save part 'xl/styles.xml'
16:55:25.204 [main] DEBUG - Save part 'xl/theme/theme1.xml'
16:55:25.204 [main] DEBUG - Save part 'xl/workbook.xml'
16:55:25.207 [main] DEBUG - Save part 'xl/worksheets/sheet1.xml'
16:55:25.208 [main] DEBUG - Save part 'xl/worksheets/sheet2.xml'
16:55:25.209 [main] DEBUG - Save part 'xl/worksheets/sheet3.xml'
16:55:25.213 [main] DEBUG - Save part 'xl/worksheets/sheet4.xml'
16:55:25.214 [main] DEBUG - Save part 'xl/worksheets/sheet5.xml'
16:55:27.683 [main] INFO  - Selected low to highest price in the sort by dropdown
16:55:27.693 [main] DEBUG - Parsing relationship: /xl/_rels/workbook.xml.rels
16:55:27.694 [main] DEBUG - Parsing relationship: /xl/worksheets/_rels/sheet3.xml.rels
16:55:27.694 [main] DEBUG - Parsing relationship: /_rels/.rels
16:55:27.710 [main] DEBUG - using default POIXMLDocumentPart for http://schemas.openxmlformats.org/officeDocument/2006/relationships/printerSettings
16:55:27.777 [main] DEBUG - Save content types part
16:55:27.779 [main] DEBUG - Save package relationships
16:55:27.781 [main] DEBUG - Save part 'docProps/app.xml'
16:55:27.782 [main] DEBUG - Save part 'docProps/core.xml'
16:55:27.785 [main] DEBUG - Save part 'xl/printerSettings/printerSettings1.bin'
16:55:27.786 [main] DEBUG - Save part 'xl/sharedStrings.xml'
16:55:27.787 [main] DEBUG - Save part 'xl/styles.xml'
16:55:27.788 [main] DEBUG - Save part 'xl/theme/theme1.xml'
16:55:27.789 [main] DEBUG - Save part 'xl/workbook.xml'
16:55:27.793 [main] DEBUG - Save part 'xl/worksheets/sheet1.xml'
16:55:27.794 [main] DEBUG - Save part 'xl/worksheets/sheet2.xml'
16:55:27.794 [main] DEBUG - Save part 'xl/worksheets/sheet3.xml'
16:55:27.796 [main] DEBUG - Save part 'xl/worksheets/sheet4.xml'
16:55:27.797 [main] DEBUG - Save part 'xl/worksheets/sheet5.xml'
16:55:28.085 [main] INFO  - Selected SUV Checkbox
16:55:28.095 [main] DEBUG - Parsing relationship: /xl/_rels/workbook.xml.rels
16:55:28.097 [main] DEBUG - Parsing relationship: /xl/worksheets/_rels/sheet3.xml.rels
16:55:28.097 [main] DEBUG - Parsing relationship: /_rels/.rels
16:55:28.110 [main] DEBUG - using default POIXMLDocumentPart for http://schemas.openxmlformats.org/officeDocument/2006/relationships/printerSettings
16:55:28.145 [main] DEBUG - Save content types part
16:55:28.146 [main] DEBUG - Save package relationships
16:55:28.147 [main] DEBUG - Save part 'docProps/app.xml'
16:55:28.147 [main] DEBUG - Save part 'docProps/core.xml'
16:55:28.148 [main] DEBUG - Save part 'xl/printerSettings/printerSettings1.bin'
16:55:28.148 [main] DEBUG - Save part 'xl/sharedStrings.xml'
16:55:28.149 [main] DEBUG - Save part 'xl/styles.xml'
16:55:28.149 [main] DEBUG - Save part 'xl/theme/theme1.xml'
16:55:28.149 [main] DEBUG - Save part 'xl/workbook.xml'
16:55:28.150 [main] DEBUG - Save part 'xl/worksheets/sheet1.xml'
16:55:28.150 [main] DEBUG - Save part 'xl/worksheets/sheet2.xml'
16:55:28.150 [main] DEBUG - Save part 'xl/worksheets/sheet3.xml'
16:55:28.154 [main] DEBUG - Save part 'xl/worksheets/sheet4.xml'
16:55:28.155 [main] DEBUG - Save part 'xl/worksheets/sheet5.xml'
16:55:28.318 [main] INFO  - Printing lowest cab details : 
16:55:28.361 [main] DEBUG - Parsing relationship: /xl/_rels/workbook.xml.rels
16:55:28.361 [main] DEBUG - Parsing relationship: /xl/worksheets/_rels/sheet3.xml.rels
16:55:28.361 [main] DEBUG - Parsing relationship: /_rels/.rels
16:55:28.367 [main] DEBUG - using default POIXMLDocumentPart for http://schemas.openxmlformats.org/officeDocument/2006/relationships/printerSettings
16:55:28.397 [main] DEBUG - Save content types part
16:55:28.399 [main] DEBUG - Save package relationships
16:55:28.401 [main] DEBUG - Save part 'docProps/app.xml'
16:55:28.401 [main] DEBUG - Save part 'docProps/core.xml'
16:55:28.403 [main] DEBUG - Save part 'xl/printerSettings/printerSettings1.bin'
16:55:28.403 [main] DEBUG - Save part 'xl/sharedStrings.xml'
16:55:28.403 [main] DEBUG - Save part 'xl/styles.xml'
16:55:28.404 [main] DEBUG - Save part 'xl/theme/theme1.xml'
16:55:28.404 [main] DEBUG - Save part 'xl/workbook.xml'
16:55:28.405 [main] DEBUG - Save part 'xl/worksheets/sheet1.xml'
16:55:28.405 [main] DEBUG - Save part 'xl/worksheets/sheet2.xml'
16:55:28.405 [main] DEBUG - Save part 'xl/worksheets/sheet3.xml'
16:55:28.407 [main] DEBUG - Save part 'xl/worksheets/sheet4.xml'
16:55:28.407 [main] DEBUG - Save part 'xl/worksheets/sheet5.xml'
16:55:33.652 [main] INFO  - Going to makemytrip home page
16:55:33.785 [main] INFO  - maximized window
16:55:43.887 [main] INFO  - Going to makemytrip home page
16:55:44.014 [main] INFO  - maximized window
16:55:54.860 [main] INFO  - In the MakeMyTrip Website
16:55:55.985 [main] INFO  - Clicked on Cabs option
16:55:55.990 [main] DEBUG - Parsing relationship: /xl/_rels/workbook.xml.rels
16:55:55.992 [main] DEBUG - Parsing relationship: /xl/worksheets/_rels/sheet3.xml.rels
16:55:55.992 [main] DEBUG - Parsing relationship: /_rels/.rels
16:55:55.998 [main] DEBUG - using default POIXMLDocumentPart for http://schemas.openxmlformats.org/officeDocument/2006/relationships/printerSettings
16:55:56.017 [main] DEBUG - Save content types part
16:55:56.019 [main] DEBUG - Save package relationships
16:55:56.021 [main] DEBUG - Save part 'docProps/app.xml'
16:55:56.021 [main] DEBUG - Save part 'docProps/core.xml'
16:55:56.021 [main] DEBUG - Save part 'xl/printerSettings/printerSettings1.bin'
16:55:56.021 [main] DEBUG - Save part 'xl/sharedStrings.xml'
16:55:56.022 [main] DEBUG - Save part 'xl/styles.xml'
16:55:56.022 [main] DEBUG - Save part 'xl/theme/theme1.xml'
16:55:56.022 [main] DEBUG - Save part 'xl/workbook.xml'
16:55:56.023 [main] DEBUG - Save part 'xl/worksheets/sheet1.xml'
16:55:56.023 [main] DEBUG - Save part 'xl/worksheets/sheet2.xml'
16:55:56.023 [main] DEBUG - Save part 'xl/worksheets/sheet3.xml'
16:55:56.024 [main] DEBUG - Save part 'xl/worksheets/sheet4.xml'
16:55:56.025 [main] DEBUG - Save part 'xl/worksheets/sheet5.xml'
16:55:59.345 [main] INFO  - Clicked on search button
16:56:02.353 [main] INFO  - In cabs page
16:56:02.357 [main] DEBUG - Parsing relationship: /xl/_rels/workbook.xml.rels
16:56:02.358 [main] DEBUG - Parsing relationship: /xl/worksheets/_rels/sheet3.xml.rels
16:56:02.358 [main] DEBUG - Parsing relationship: /_rels/.rels
16:56:02.367 [main] DEBUG - using default POIXMLDocumentPart for http://schemas.openxmlformats.org/officeDocument/2006/relationships/printerSettings
16:56:02.398 [main] DEBUG - Save content types part
16:56:02.399 [main] DEBUG - Save package relationships
16:56:02.399 [main] DEBUG - Save part 'docProps/app.xml'
16:56:02.400 [main] DEBUG - Save part 'docProps/core.xml'
16:56:02.400 [main] DEBUG - Save part 'xl/printerSettings/printerSettings1.bin'
16:56:02.401 [main] DEBUG - Save part 'xl/sharedStrings.xml'
16:56:02.401 [main] DEBUG - Save part 'xl/styles.xml'
16:56:02.401 [main] DEBUG - Save part 'xl/theme/theme1.xml'
16:56:02.401 [main] DEBUG - Save part 'xl/workbook.xml'
16:56:02.402 [main] DEBUG - Save part 'xl/worksheets/sheet1.xml'
16:56:02.402 [main] DEBUG - Save part 'xl/worksheets/sheet2.xml'
16:56:02.402 [main] DEBUG - Save part 'xl/worksheets/sheet3.xml'
16:56:02.403 [main] DEBUG - Save part 'xl/worksheets/sheet4.xml'
16:56:02.403 [main] DEBUG - Save part 'xl/worksheets/sheet5.xml'
16:56:02.564 [main] INFO  - Clicking more dropdown
16:56:02.648 [main] DEBUG - Parsing relationship: /xl/_rels/workbook.xml.rels
16:56:02.648 [main] DEBUG - Parsing relationship: /xl/worksheets/_rels/sheet3.xml.rels
16:56:02.649 [main] DEBUG - Parsing relationship: /_rels/.rels
16:56:02.655 [main] DEBUG - using default POIXMLDocumentPart for http://schemas.openxmlformats.org/officeDocument/2006/relationships/printerSettings
16:56:02.684 [main] DEBUG - Save content types part
16:56:02.685 [main] DEBUG - Save package relationships
16:56:02.686 [main] DEBUG - Save part 'docProps/app.xml'
16:56:02.686 [main] DEBUG - Save part 'docProps/core.xml'
16:56:02.686 [main] DEBUG - Save part 'xl/printerSettings/printerSettings1.bin'
16:56:02.686 [main] DEBUG - Save part 'xl/sharedStrings.xml'
16:56:02.687 [main] DEBUG - Save part 'xl/styles.xml'
16:56:02.687 [main] DEBUG - Save part 'xl/theme/theme1.xml'
16:56:02.687 [main] DEBUG - Save part 'xl/workbook.xml'
16:56:02.690 [main] DEBUG - Save part 'xl/worksheets/sheet1.xml'
16:56:02.691 [main] DEBUG - Save part 'xl/worksheets/sheet2.xml'
16:56:02.691 [main] DEBUG - Save part 'xl/worksheets/sheet3.xml'
16:56:02.695 [main] DEBUG - Save part 'xl/worksheets/sheet4.xml'
16:56:02.696 [main] DEBUG - Save part 'xl/worksheets/sheet5.xml'
16:56:02.906 [main] INFO  - Clicking gift cards option
16:56:05.543 [main] DEBUG - Parsing relationship: /xl/_rels/workbook.xml.rels
16:56:05.543 [main] DEBUG - Parsing relationship: /xl/worksheets/_rels/sheet3.xml.rels
16:56:05.544 [main] DEBUG - Parsing relationship: /_rels/.rels
16:56:05.550 [main] DEBUG - using default POIXMLDocumentPart for http://schemas.openxmlformats.org/officeDocument/2006/relationships/printerSettings
16:56:05.566 [main] DEBUG - Save content types part
16:56:05.567 [main] DEBUG - Save package relationships
16:56:05.567 [main] DEBUG - Save part 'docProps/app.xml'
16:56:05.567 [main] DEBUG - Save part 'docProps/core.xml'
16:56:05.569 [main] DEBUG - Save part 'xl/printerSettings/printerSettings1.bin'
16:56:05.569 [main] DEBUG - Save part 'xl/sharedStrings.xml'
16:56:05.570 [main] DEBUG - Save part 'xl/styles.xml'
16:56:05.570 [main] DEBUG - Save part 'xl/theme/theme1.xml'
16:56:05.570 [main] DEBUG - Save part 'xl/workbook.xml'
16:56:05.571 [main] DEBUG - Save part 'xl/worksheets/sheet1.xml'
16:56:05.571 [main] DEBUG - Save part 'xl/worksheets/sheet2.xml'
16:56:05.571 [main] DEBUG - Save part 'xl/worksheets/sheet3.xml'
16:56:05.572 [main] DEBUG - Save part 'xl/worksheets/sheet4.xml'
16:56:05.572 [main] DEBUG - Save part 'xl/worksheets/sheet5.xml'
16:56:05.711 [main] INFO  - Clicking on wedding giftcard
16:56:08.015 [main] DEBUG - Parsing relationship: /xl/_rels/workbook.xml.rels
16:56:08.015 [main] DEBUG - Parsing relationship: /xl/worksheets/_rels/sheet3.xml.rels
16:56:08.015 [main] DEBUG - Parsing relationship: /_rels/.rels
16:56:08.022 [main] DEBUG - using default POIXMLDocumentPart for http://schemas.openxmlformats.org/officeDocument/2006/relationships/printerSettings
16:56:08.047 [main] DEBUG - Save content types part
16:56:08.049 [main] DEBUG - Save package relationships
16:56:08.051 [main] DEBUG - Save part 'docProps/app.xml'
16:56:08.051 [main] DEBUG - Save part 'docProps/core.xml'
16:56:08.052 [main] DEBUG - Save part 'xl/printerSettings/printerSettings1.bin'
16:56:08.052 [main] DEBUG - Save part 'xl/sharedStrings.xml'
16:56:08.053 [main] DEBUG - Save part 'xl/styles.xml'
16:56:08.053 [main] DEBUG - Save part 'xl/theme/theme1.xml'
16:56:08.053 [main] DEBUG - Save part 'xl/workbook.xml'
16:56:08.054 [main] DEBUG - Save part 'xl/worksheets/sheet1.xml'
16:56:08.054 [main] DEBUG - Save part 'xl/worksheets/sheet2.xml'
16:56:08.054 [main] DEBUG - Save part 'xl/worksheets/sheet3.xml'
16:56:08.056 [main] DEBUG - Save part 'xl/worksheets/sheet4.xml'
16:56:08.056 [main] DEBUG - Save part 'xl/worksheets/sheet5.xml'
16:56:08.271 [main] INFO  - Passing sender's name, mobile and email id
16:56:09.613 [main] DEBUG - Parsing relationship: /xl/_rels/workbook.xml.rels
16:56:09.613 [main] DEBUG - Parsing relationship: /xl/worksheets/_rels/sheet3.xml.rels
16:56:09.614 [main] DEBUG - Parsing relationship: /_rels/.rels
16:56:09.623 [main] DEBUG - using default POIXMLDocumentPart for http://schemas.openxmlformats.org/officeDocument/2006/relationships/printerSettings
16:56:09.644 [main] DEBUG - Save content types part
16:56:09.645 [main] DEBUG - Save package relationships
16:56:09.646 [main] DEBUG - Save part 'docProps/app.xml'
16:56:09.646 [main] DEBUG - Save part 'docProps/core.xml'
16:56:09.647 [main] DEBUG - Save part 'xl/printerSettings/printerSettings1.bin'
16:56:09.647 [main] DEBUG - Save part 'xl/sharedStrings.xml'
16:56:09.648 [main] DEBUG - Save part 'xl/styles.xml'
16:56:09.648 [main] DEBUG - Save part 'xl/theme/theme1.xml'
16:56:09.648 [main] DEBUG - Save part 'xl/workbook.xml'
16:56:09.649 [main] DEBUG - Save part 'xl/worksheets/sheet1.xml'
16:56:09.649 [main] DEBUG - Save part 'xl/worksheets/sheet2.xml'
16:56:09.649 [main] DEBUG - Save part 'xl/worksheets/sheet3.xml'
16:56:09.650 [main] DEBUG - Save part 'xl/worksheets/sheet4.xml'
16:56:09.651 [main] DEBUG - Save part 'xl/worksheets/sheet5.xml'
16:56:09.792 [main] INFO  - Clicking on buy now option with valid email address
16:56:16.823 [main] DEBUG - Parsing relationship: /xl/_rels/workbook.xml.rels
16:56:16.824 [main] DEBUG - Parsing relationship: /xl/worksheets/_rels/sheet3.xml.rels
16:56:16.825 [main] DEBUG - Parsing relationship: /_rels/.rels
16:56:16.838 [main] DEBUG - using default POIXMLDocumentPart for http://schemas.openxmlformats.org/officeDocument/2006/relationships/printerSettings
16:56:16.854 [main] DEBUG - Save content types part
16:56:16.856 [main] DEBUG - Save package relationships
16:56:16.857 [main] DEBUG - Save part 'docProps/app.xml'
16:56:16.857 [main] DEBUG - Save part 'docProps/core.xml'
16:56:16.858 [main] DEBUG - Save part 'xl/printerSettings/printerSettings1.bin'
16:56:16.858 [main] DEBUG - Save part 'xl/sharedStrings.xml'
16:56:16.858 [main] DEBUG - Save part 'xl/styles.xml'
16:56:16.859 [main] DEBUG - Save part 'xl/theme/theme1.xml'
16:56:16.859 [main] DEBUG - Save part 'xl/workbook.xml'
16:56:16.859 [main] DEBUG - Save part 'xl/worksheets/sheet1.xml'
16:56:16.860 [main] DEBUG - Save part 'xl/worksheets/sheet2.xml'
16:56:16.860 [main] DEBUG - Save part 'xl/worksheets/sheet3.xml'
16:56:16.861 [main] DEBUG - Save part 'xl/worksheets/sheet4.xml'
16:56:16.861 [main] DEBUG - Save part 'xl/worksheets/sheet5.xml'
16:56:22.627 [main] INFO  - Going to makemytrip home page
16:56:22.746 [main] INFO  - maximized window
16:56:29.999 [main] INFO  - In the MakeMyTrip Website
16:56:30.624 [main] INFO  - Clicking on hotels icon
16:56:31.228 [main] DEBUG - Parsing relationship: /xl/_rels/workbook.xml.rels
16:56:31.228 [main] DEBUG - Parsing relationship: /xl/worksheets/_rels/sheet3.xml.rels
16:56:31.229 [main] DEBUG - Parsing relationship: /_rels/.rels
16:56:31.237 [main] DEBUG - using default POIXMLDocumentPart for http://schemas.openxmlformats.org/officeDocument/2006/relationships/printerSettings
16:56:31.261 [main] DEBUG - Save content types part
16:56:31.263 [main] DEBUG - Save package relationships
16:56:31.263 [main] DEBUG - Save part 'docProps/app.xml'
16:56:31.264 [main] DEBUG - Save part 'docProps/core.xml'
16:56:31.266 [main] DEBUG - Save part 'xl/printerSettings/printerSettings1.bin'
16:56:31.266 [main] DEBUG - Save part 'xl/sharedStrings.xml'
16:56:31.267 [main] DEBUG - Save part 'xl/styles.xml'
16:56:31.267 [main] DEBUG - Save part 'xl/theme/theme1.xml'
16:56:31.268 [main] DEBUG - Save part 'xl/workbook.xml'
16:56:31.269 [main] DEBUG - Save part 'xl/worksheets/sheet1.xml'
16:56:31.269 [main] DEBUG - Save part 'xl/worksheets/sheet2.xml'
16:56:31.270 [main] DEBUG - Save part 'xl/worksheets/sheet3.xml'
16:56:31.272 [main] DEBUG - Save part 'xl/worksheets/sheet4.xml'
16:56:31.272 [main] DEBUG - Save part 'xl/worksheets/sheet5.xml'
16:56:31.543 [main] INFO  - Clicking on upto 4 rooms option
16:56:31.831 [main] DEBUG - Parsing relationship: /xl/_rels/workbook.xml.rels
16:56:31.832 [main] DEBUG - Parsing relationship: /xl/worksheets/_rels/sheet3.xml.rels
16:56:31.834 [main] DEBUG - Parsing relationship: /_rels/.rels
16:56:31.841 [main] DEBUG - using default POIXMLDocumentPart for http://schemas.openxmlformats.org/officeDocument/2006/relationships/printerSettings
16:56:31.863 [main] DEBUG - Save content types part
16:56:31.865 [main] DEBUG - Save package relationships
16:56:31.867 [main] DEBUG - Save part 'docProps/app.xml'
16:56:31.867 [main] DEBUG - Save part 'docProps/core.xml'
16:56:31.868 [main] DEBUG - Save part 'xl/printerSettings/printerSettings1.bin'
16:56:31.869 [main] DEBUG - Save part 'xl/sharedStrings.xml'
16:56:31.869 [main] DEBUG - Save part 'xl/styles.xml'
16:56:31.869 [main] DEBUG - Save part 'xl/theme/theme1.xml'
16:56:31.869 [main] DEBUG - Save part 'xl/workbook.xml'
16:56:31.870 [main] DEBUG - Save part 'xl/worksheets/sheet1.xml'
16:56:31.870 [main] DEBUG - Save part 'xl/worksheets/sheet2.xml'
16:56:31.871 [main] DEBUG - Save part 'xl/worksheets/sheet3.xml'
16:56:31.872 [main] DEBUG - Save part 'xl/worksheets/sheet4.xml'
16:56:31.872 [main] DEBUG - Save part 'xl/worksheets/sheet5.xml'
16:56:32.035 [main] INFO  - Clicking on rooms and guests dropdown
16:56:32.273 [main] DEBUG - Parsing relationship: /xl/_rels/workbook.xml.rels
16:56:32.274 [main] DEBUG - Parsing relationship: /xl/worksheets/_rels/sheet3.xml.rels
16:56:32.274 [main] DEBUG - Parsing relationship: /_rels/.rels
16:56:32.291 [main] DEBUG - using default POIXMLDocumentPart for http://schemas.openxmlformats.org/officeDocument/2006/relationships/printerSettings
16:56:32.320 [main] DEBUG - Save content types part
16:56:32.322 [main] DEBUG - Save package relationships
16:56:32.322 [main] DEBUG - Save part 'docProps/app.xml'
16:56:32.322 [main] DEBUG - Save part 'docProps/core.xml'
16:56:32.323 [main] DEBUG - Save part 'xl/printerSettings/printerSettings1.bin'
16:56:32.323 [main] DEBUG - Save part 'xl/sharedStrings.xml'
16:56:32.323 [main] DEBUG - Save part 'xl/styles.xml'
16:56:32.324 [main] DEBUG - Save part 'xl/theme/theme1.xml'
16:56:32.324 [main] DEBUG - Save part 'xl/workbook.xml'
16:56:32.325 [main] DEBUG - Save part 'xl/worksheets/sheet1.xml'
16:56:32.325 [main] DEBUG - Save part 'xl/worksheets/sheet2.xml'
16:56:32.325 [main] DEBUG - Save part 'xl/worksheets/sheet3.xml'
16:56:32.326 [main] DEBUG - Save part 'xl/worksheets/sheet4.xml'
16:56:32.327 [main] DEBUG - Save part 'xl/worksheets/sheet5.xml'
16:56:32.560 [main] INFO  - Clicking on adults dropdown and printing all the numbers
16:56:35.803 [main] DEBUG - Parsing relationship: /xl/_rels/workbook.xml.rels
16:56:35.803 [main] DEBUG - Parsing relationship: /xl/worksheets/_rels/sheet3.xml.rels
16:56:35.803 [main] DEBUG - Parsing relationship: /_rels/.rels
16:56:35.807 [main] DEBUG - using default POIXMLDocumentPart for http://schemas.openxmlformats.org/officeDocument/2006/relationships/printerSettings
16:56:35.825 [main] DEBUG - Save content types part
16:56:35.826 [main] DEBUG - Save package relationships
